<?xml version="1.0" encoding="UTF-8"?>
<coverage generated="1504889504626" clover="3.2.0">
  <project timestamp="1504889504626" name="All files">
    <metrics statements="326" coveredstatements="226" conditionals="50" coveredconditionals="8" methods="87" coveredmethods="69" elements="463" coveredelements="303" complexity="0" loc="326" ncloc="326" packages="4" files="6" classes="6">
      <package name="config">
        <metrics statements="9" coveredstatements="5" conditionals="2" coveredconditionals="0" methods="5" coveredmethods="1"/>
        <file name="jest.js" path="/Sites/notifcation_designer_frontend/src/js/config/jest.js">
          <metrics statements="9" coveredstatements="5" conditionals="2" coveredconditionals="0" methods="5" coveredmethods="1"/>
          <line num="1" count="2" type="stmt"/>
          <line num="2" count="1" type="stmt"/>
          <line num="3" count="1" type="stmt"/>
          <line num="5" count="0" type="stmt"/>
          <line num="8" count="0" type="cond" truecount="0" falsecount="2"/>
          <line num="9" count="0" type="stmt"/>
          <line num="13" count="1" type="stmt"/>
          <line num="16" count="0" type="stmt"/>
          <line num="21" count="1" type="stmt"/>
        </file>
      </package>
      <package name="server">
        <metrics statements="25" coveredstatements="8" conditionals="3" coveredconditionals="0" methods="3" coveredmethods="0"/>
        <file name="compile.js" path="/Sites/notifcation_designer_frontend/src/js/server/compile.js">
          <metrics statements="9" coveredstatements="2" conditionals="2" coveredconditionals="0" methods="1" coveredmethods="0"/>
          <line num="1" count="2" type="stmt"/>
          <line num="3" count="1" type="stmt"/>
          <line num="4" count="0" type="stmt"/>
          <line num="5" count="0" type="stmt"/>
          <line num="6" count="0" type="stmt"/>
          <line num="7" count="0" type="cond" truecount="0" falsecount="2"/>
          <line num="8" count="0" type="stmt"/>
          <line num="9" count="0" type="stmt"/>
          <line num="12" count="0" type="stmt"/>
        </file>
        <file name="inline.js" path="/Sites/notifcation_designer_frontend/src/js/server/inline.js">
          <metrics statements="9" coveredstatements="4" conditionals="1" coveredconditionals="0" methods="1" coveredmethods="0"/>
          <line num="1" count="2" type="stmt"/>
          <line num="2" count="1" type="stmt"/>
          <line num="3" count="1" type="stmt"/>
          <line num="7" count="1" type="cond" truecount="0" falsecount="1"/>
          <line num="8" count="0" type="stmt"/>
          <line num="9" count="0" type="stmt"/>
          <line num="10" count="0" type="stmt"/>
          <line num="11" count="0" type="stmt"/>
          <line num="13" count="0" type="stmt"/>
        </file>
        <file name="preprocess.js" path="/Sites/notifcation_designer_frontend/src/js/server/preprocess.js">
          <metrics statements="7" coveredstatements="2" conditionals="0" coveredconditionals="0" methods="1" coveredmethods="0"/>
          <line num="1" count="2" type="stmt"/>
          <line num="3" count="1" type="stmt"/>
          <line num="4" count="0" type="stmt"/>
          <line num="5" count="0" type="stmt"/>
          <line num="11" count="0" type="stmt"/>
          <line num="12" count="0" type="stmt"/>
          <line num="14" count="0" type="stmt"/>
        </file>
      </package>
      <package name="server.utils">
        <metrics statements="193" coveredstatements="114" conditionals="45" coveredconditionals="8" methods="36" coveredmethods="25"/>
        <file name="index.js" path="/Sites/notifcation_designer_frontend/src/js/server/utils/index.js">
          <metrics statements="193" coveredstatements="114" conditionals="45" coveredconditionals="8" methods="36" coveredmethods="25"/>
          <line num="1" count="2" type="stmt"/>
          <line num="2" count="1" type="stmt"/>
          <line num="3" count="2" type="stmt"/>
          <line num="4" count="4" type="stmt"/>
          <line num="5" count="4" type="stmt"/>
          <line num="6" count="22" type="stmt"/>
          <line num="7" count="22" type="stmt"/>
          <line num="8" count="22" type="stmt"/>
          <line num="10" count="22" type="stmt"/>
          <line num="11" count="21" type="stmt"/>
          <line num="14" count="22" type="stmt"/>
          <line num="15" count="21" type="stmt"/>
          <line num="25" count="39" type="stmt"/>
          <line num="26" count="39" type="stmt"/>
          <line num="27" count="22" type="stmt"/>
          <line num="28" count="24" type="stmt"/>
          <line num="29" count="24" type="stmt"/>
          <line num="31" count="21" type="stmt"/>
          <line num="34" count="2" type="stmt"/>
          <line num="45" count="19" type="stmt"/>
          <line num="46" count="19" type="stmt"/>
          <line num="47" count="19" type="cond" truecount="1" falsecount="1"/>
          <line num="51" count="19" type="stmt"/>
          <line num="54" count="3" type="stmt"/>
          <line num="57" count="4" type="stmt"/>
          <line num="58" count="4" type="stmt"/>
          <line num="59" count="4" type="stmt"/>
          <line num="60" count="4" type="stmt"/>
          <line num="62" count="1" type="stmt"/>
          <line num="66" count="2" type="stmt"/>
          <line num="77" count="2" type="stmt"/>
          <line num="80" count="2" type="stmt"/>
          <line num="83" count="2" type="stmt"/>
          <line num="86" count="2" type="stmt"/>
          <line num="97" count="3" type="stmt"/>
          <line num="100" count="2" type="stmt"/>
          <line num="103" count="2" type="stmt"/>
          <line num="106" count="2" type="stmt"/>
          <line num="116" count="2" type="cond" truecount="1" falsecount="1"/>
          <line num="117" count="2" type="stmt"/>
          <line num="120" count="2" type="stmt"/>
          <line num="122" count="4" type="stmt"/>
          <line num="123" count="2" type="stmt"/>
          <line num="124" count="5" type="stmt"/>
          <line num="125" count="2" type="stmt"/>
          <line num="130" count="3" type="stmt"/>
          <line num="132" count="3" type="stmt"/>
          <line num="133" count="5" type="stmt"/>
          <line num="134" count="3" type="stmt"/>
          <line num="135" count="3" type="stmt"/>
          <line num="136" count="3" type="stmt"/>
          <line num="141" count="3" type="stmt"/>
          <line num="150" count="3" type="cond" truecount="0" falsecount="1"/>
          <line num="151" count="4" type="stmt"/>
          <line num="154" count="2" type="stmt"/>
          <line num="157" count="6" type="stmt"/>
          <line num="167" count="3" type="cond" truecount="1" falsecount="1"/>
          <line num="168" count="4" type="stmt"/>
          <line num="169" count="4" type="stmt"/>
          <line num="170" count="4" type="stmt"/>
          <line num="172" count="3" type="stmt"/>
          <line num="173" count="3" type="stmt"/>
          <line num="174" count="4" type="stmt"/>
          <line num="176" count="4" type="stmt"/>
          <line num="177" count="5" type="stmt"/>
          <line num="178" count="5" type="stmt"/>
          <line num="179" count="6" type="cond" truecount="2" falsecount="0"/>
          <line num="184" count="3" type="stmt"/>
          <line num="185" count="3" type="stmt"/>
          <line num="186" count="3" type="stmt"/>
          <line num="187" count="3" type="stmt"/>
          <line num="190" count="2" type="stmt"/>
          <line num="191" count="2" type="stmt"/>
          <line num="192" count="2" type="stmt"/>
          <line num="193" count="2" type="stmt"/>
          <line num="195" count="2" type="stmt"/>
          <line num="198" count="1" type="stmt"/>
          <line num="200" count="1" type="stmt"/>
          <line num="201" count="2" type="stmt"/>
          <line num="202" count="3" type="stmt"/>
          <line num="203" count="2" type="stmt"/>
          <line num="204" count="3" type="stmt"/>
          <line num="205" count="2" type="stmt"/>
          <line num="206" count="2" type="stmt"/>
          <line num="207" count="2" type="cond" truecount="2" falsecount="0"/>
          <line num="209" count="1" type="stmt"/>
          <line num="211" count="1" type="stmt"/>
          <line num="213" count="2" type="stmt"/>
          <line num="215" count="2" type="stmt"/>
          <line num="218" count="1" type="stmt"/>
          <line num="228" count="2" type="stmt"/>
          <line num="229" count="2" type="stmt"/>
          <line num="233" count="2" type="stmt"/>
          <line num="235" count="1" type="stmt"/>
          <line num="236" count="1" type="stmt"/>
          <line num="237" count="1" type="stmt"/>
          <line num="238" count="1" type="stmt"/>
          <line num="239" count="1" type="stmt"/>
          <line num="241" count="1" type="stmt"/>
          <line num="251" count="1" type="stmt"/>
          <line num="252" count="0" type="stmt"/>
          <line num="254" count="0" type="cond" truecount="0" falsecount="2"/>
          <line num="255" count="0" type="stmt"/>
          <line num="258" count="1" type="stmt"/>
          <line num="260" count="0" type="stmt"/>
          <line num="267" count="1" type="stmt"/>
          <line num="276" count="0" type="stmt"/>
          <line num="277" count="0" type="stmt"/>
          <line num="278" count="0" type="stmt"/>
          <line num="280" count="0" type="stmt"/>
          <line num="281" count="0" type="stmt"/>
          <line num="284" count="1" type="stmt"/>
          <line num="294" count="1" type="stmt"/>
          <line num="295" count="1" type="stmt"/>
          <line num="305" count="1" type="stmt"/>
          <line num="306" count="1" type="stmt"/>
          <line num="307" count="0" type="cond" truecount="0" falsecount="2"/>
          <line num="308" count="0" type="stmt"/>
          <line num="311" count="0" type="stmt"/>
          <line num="313" count="0" type="stmt"/>
          <line num="317" count="0" type="stmt"/>
          <line num="322" count="0" type="stmt"/>
          <line num="323" count="0" type="stmt"/>
          <line num="324" count="0" type="stmt"/>
          <line num="326" count="0" type="stmt"/>
          <line num="327" count="0" type="stmt"/>
          <line num="330" count="0" type="stmt"/>
          <line num="341" count="1" type="stmt"/>
          <line num="342" count="0" type="stmt"/>
          <line num="345" count="1" type="stmt"/>
          <line num="346" count="0" type="stmt"/>
          <line num="347" count="0" type="stmt"/>
          <line num="348" count="0" type="stmt"/>
          <line num="349" count="0" type="stmt"/>
          <line num="350" count="0" type="cond" truecount="0" falsecount="2"/>
          <line num="351" count="0" type="stmt"/>
          <line num="354" count="0" type="cond" truecount="0" falsecount="2"/>
          <line num="356" count="0" type="stmt"/>
          <line num="357" count="0" type="cond" truecount="0" falsecount="2"/>
          <line num="358" count="0" type="stmt"/>
          <line num="361" count="0" type="stmt"/>
          <line num="363" count="0" type="stmt"/>
          <line num="364" count="0" type="stmt"/>
          <line num="366" count="0" type="stmt"/>
          <line num="370" count="1" type="stmt"/>
          <line num="371" count="0" type="stmt"/>
          <line num="380" count="1" type="stmt"/>
          <line num="381" count="0" type="stmt"/>
          <line num="383" count="0" type="stmt"/>
          <line num="384" count="0" type="cond" truecount="0" falsecount="2"/>
          <line num="385" count="0" type="cond" truecount="0" falsecount="2"/>
          <line num="387" count="0" type="stmt"/>
          <line num="388" count="0" type="stmt"/>
          <line num="392" count="0" type="stmt"/>
          <line num="393" count="0" type="cond" truecount="0" falsecount="2"/>
          <line num="394" count="0" type="cond" truecount="0" falsecount="2"/>
          <line num="396" count="0" type="stmt"/>
          <line num="398" count="0" type="stmt"/>
          <line num="400" count="0" type="stmt"/>
          <line num="402" count="0" type="stmt"/>
          <line num="403" count="0" type="stmt"/>
          <line num="404" count="0" type="cond" truecount="0" falsecount="2"/>
          <line num="405" count="0" type="stmt"/>
          <line num="406" count="0" type="stmt"/>
          <line num="409" count="0" type="stmt"/>
          <line num="412" count="0" type="stmt"/>
          <line num="414" count="0" type="stmt"/>
          <line num="415" count="0" type="stmt"/>
          <line num="417" count="0" type="stmt"/>
          <line num="418" count="0" type="stmt"/>
          <line num="420" count="0" type="stmt"/>
          <line num="424" count="0" type="stmt"/>
          <line num="436" count="1" type="stmt"/>
          <line num="437" count="0" type="stmt"/>
          <line num="439" count="0" type="stmt"/>
          <line num="440" count="0" type="cond" truecount="0" falsecount="2"/>
          <line num="442" count="0" type="cond" truecount="0" falsecount="2"/>
          <line num="444" count="0" type="stmt"/>
          <line num="445" count="0" type="stmt"/>
          <line num="447" count="0" type="stmt"/>
          <line num="458" count="1" type="stmt"/>
          <line num="459" count="0" type="stmt"/>
          <line num="461" count="0" type="stmt"/>
          <line num="462" count="0" type="cond" truecount="0" falsecount="2"/>
          <line num="464" count="0" type="cond" truecount="0" falsecount="2"/>
          <line num="466" count="0" type="stmt"/>
          <line num="467" count="0" type="stmt"/>
          <line num="469" count="0" type="stmt"/>
          <line num="476" count="1" type="stmt"/>
          <line num="477" count="0" type="stmt"/>
          <line num="478" count="0" type="stmt"/>
          <line num="479" count="0" type="stmt"/>
          <line num="480" count="0" type="stmt"/>
        </file>
      </package>
      <package name="server.utils.tests">
        <metrics statements="99" coveredstatements="99" conditionals="0" coveredconditionals="0" methods="43" coveredmethods="43"/>
        <file name="index.spec.js" path="/Sites/notifcation_designer_frontend/src/js/server/utils/tests/index.spec.js">
          <metrics statements="99" coveredstatements="99" conditionals="0" coveredconditionals="0" methods="43" coveredmethods="43"/>
          <line num="4" count="1" type="stmt"/>
          <line num="5" count="1" type="stmt"/>
          <line num="6" count="1" type="stmt"/>
          <line num="8" count="1" type="stmt"/>
          <line num="12" count="1" type="stmt"/>
          <line num="13" count="1" type="stmt"/>
          <line num="14" count="1" type="stmt"/>
          <line num="18" count="1" type="stmt"/>
          <line num="19" count="1" type="stmt"/>
          <line num="20" count="1" type="stmt"/>
          <line num="21" count="1" type="stmt"/>
          <line num="25" count="1" type="stmt"/>
          <line num="26" count="1" type="stmt"/>
          <line num="27" count="1" type="stmt"/>
          <line num="28" count="1" type="stmt"/>
          <line num="29" count="1" type="stmt"/>
          <line num="31" count="1" type="stmt"/>
          <line num="33" count="1" type="stmt"/>
          <line num="35" count="1" type="stmt"/>
          <line num="36" count="1" type="stmt"/>
          <line num="40" count="1" type="stmt"/>
          <line num="41" count="1" type="stmt"/>
          <line num="42" count="1" type="stmt"/>
          <line num="43" count="1" type="stmt"/>
          <line num="44" count="1" type="stmt"/>
          <line num="45" count="1" type="stmt"/>
          <line num="48" count="1" type="stmt"/>
          <line num="50" count="1" type="stmt"/>
          <line num="56" count="1" type="stmt"/>
          <line num="57" count="1" type="stmt"/>
          <line num="58" count="1" type="stmt"/>
          <line num="59" count="1" type="stmt"/>
          <line num="60" count="1" type="stmt"/>
          <line num="62" count="1" type="stmt"/>
          <line num="63" count="1" type="stmt"/>
          <line num="65" count="1" type="stmt"/>
          <line num="66" count="1" type="stmt"/>
          <line num="71" count="1" type="stmt"/>
          <line num="72" count="1" type="stmt"/>
          <line num="73" count="1" type="stmt"/>
          <line num="74" count="1" type="stmt"/>
          <line num="75" count="1" type="stmt"/>
          <line num="77" count="1" type="stmt"/>
          <line num="78" count="1" type="stmt"/>
          <line num="81" count="1" type="stmt"/>
          <line num="82" count="3" type="stmt"/>
          <line num="87" count="1" type="stmt"/>
          <line num="88" count="1" type="stmt"/>
          <line num="93" count="1" type="stmt"/>
          <line num="94" count="1" type="stmt"/>
          <line num="95" count="1" type="stmt"/>
          <line num="96" count="1" type="stmt"/>
          <line num="97" count="1" type="stmt"/>
          <line num="98" count="1" type="stmt"/>
          <line num="104" count="1" type="stmt"/>
          <line num="105" count="1" type="stmt"/>
          <line num="106" count="1" type="stmt"/>
          <line num="107" count="1" type="stmt"/>
          <line num="108" count="1" type="stmt"/>
          <line num="115" count="1" type="stmt"/>
          <line num="116" count="1" type="stmt"/>
          <line num="117" count="1" type="stmt"/>
          <line num="118" count="1" type="stmt"/>
          <line num="119" count="1" type="stmt"/>
          <line num="126" count="1" type="stmt"/>
          <line num="127" count="1" type="stmt"/>
          <line num="128" count="1" type="stmt"/>
          <line num="129" count="1" type="stmt"/>
          <line num="130" count="1" type="stmt"/>
          <line num="137" count="1" type="stmt"/>
          <line num="138" count="1" type="stmt"/>
          <line num="139" count="1" type="stmt"/>
          <line num="140" count="1" type="stmt"/>
          <line num="145" count="1" type="stmt"/>
          <line num="146" count="1" type="stmt"/>
          <line num="147" count="1" type="stmt"/>
          <line num="148" count="1" type="stmt"/>
          <line num="155" count="1" type="stmt"/>
          <line num="156" count="1" type="stmt"/>
          <line num="157" count="1" type="stmt"/>
          <line num="158" count="1" type="stmt"/>
          <line num="165" count="1" type="stmt"/>
          <line num="166" count="1" type="stmt"/>
          <line num="167" count="1" type="stmt"/>
          <line num="168" count="1" type="stmt"/>
          <line num="176" count="1" type="stmt"/>
          <line num="177" count="1" type="stmt"/>
          <line num="178" count="1" type="stmt"/>
          <line num="179" count="1" type="stmt"/>
          <line num="180" count="1" type="stmt"/>
          <line num="201" count="1" type="stmt"/>
          <line num="202" count="1" type="stmt"/>
          <line num="203" count="1" type="stmt"/>
          <line num="205" count="1" type="stmt"/>
          <line num="225" count="1" type="stmt"/>
          <line num="226" count="1" type="stmt"/>
          <line num="227" count="1" type="stmt"/>
          <line num="228" count="1" type="stmt"/>
          <line num="229" count="1" type="stmt"/>
        </file>
      </package>
    </metrics>
  </project>
</coverage>
