{"/Sites/notifcation_designer_frontend/src/js/config/jest.js": {"path":"/Sites/notifcation_designer_frontend/src/js/config/jest.js","statementMap":{"0":{"start":{"line":1,"column":23},"end":{"line":19,"column":4}},"1":{"start":{"line":2,"column":14},"end":{"line":2,"column":16}},"2":{"start":{"line":3,"column":2},"end":{"line":18,"column":4}},"3":{"start":{"line":5,"column":6},"end":{"line":5,"column":23}},"4":{"start":{"line":8,"column":6},"end":{"line":10,"column":7}},"5":{"start":{"line":9,"column":8},"end":{"line":9,"column":37}},"6":{"start":{"line":13,"column":6},"end":{"line":13,"column":16}},"7":{"start":{"line":16,"column":6},"end":{"line":16,"column":23}},"8":{"start":{"line":21,"column":0},"end":{"line":21,"column":74}}},"fnMap":{"0":{"name":"(anonymous_0)","decl":{"start":{"line":1,"column":24},"end":{"line":1,"column":25}},"loc":{"start":{"line":1,"column":35},"end":{"line":19,"column":1}},"line":1},"1":{"name":"(anonymous_1)","decl":{"start":{"line":4,"column":13},"end":{"line":4,"column":14}},"loc":{"start":{"line":4,"column":27},"end":{"line":6,"column":5}},"line":4},"2":{"name":"(anonymous_2)","decl":{"start":{"line":7,"column":13},"end":{"line":7,"column":14}},"loc":{"start":{"line":7,"column":34},"end":{"line":11,"column":5}},"line":7},"3":{"name":"(anonymous_3)","decl":{"start":{"line":12,"column":11},"end":{"line":12,"column":12}},"loc":{"start":{"line":12,"column":22},"end":{"line":14,"column":5}},"line":12},"4":{"name":"(anonymous_4)","decl":{"start":{"line":15,"column":16},"end":{"line":15,"column":17}},"loc":{"start":{"line":15,"column":30},"end":{"line":17,"column":5}},"line":15}},"branchMap":{"0":{"loc":{"start":{"line":8,"column":6},"end":{"line":10,"column":7}},"type":"if","locations":[{"start":{"line":8,"column":6},"end":{"line":10,"column":7}},{"start":{"line":8,"column":6},"end":{"line":10,"column":7}}],"line":8}},"s":{"0":2,"1":1,"2":1,"3":0,"4":0,"5":0,"6":1,"7":0,"8":1},"f":{"0":2,"1":0,"2":0,"3":0,"4":0},"b":{"0":[0,0]},"_coverageSchema":"332fd63041d2c1bcb487cc26dd0d5f7d97098a6c","hash":"07061cd3b25fc58179899fed4ac6bd8fab5b1210"}
,"/Sites/notifcation_designer_frontend/src/js/server/compile.js": {"path":"/Sites/notifcation_designer_frontend/src/js/server/compile.js","statementMap":{"0":{"start":{"line":1,"column":14},"end":{"line":1,"column":33}},"1":{"start":{"line":3,"column":0},"end":{"line":14,"column":1}},"2":{"start":{"line":4,"column":2},"end":{"line":13,"column":3}},"3":{"start":{"line":5,"column":21},"end":{"line":5,"column":44}},"4":{"start":{"line":6,"column":17},"end":{"line":6,"column":25}},"5":{"start":{"line":7,"column":4},"end":{"line":7,"column":51}},"6":{"start":{"line":7,"column":32},"end":{"line":7,"column":51}},"7":{"start":{"line":8,"column":17},"end":{"line":8,"column":41}},"8":{"start":{"line":9,"column":4},"end":{"line":9,"column":32}},"9":{"start":{"line":12,"column":4},"end":{"line":12,"column":32}}},"fnMap":{"0":{"name":"compile","decl":{"start":{"line":3,"column":26},"end":{"line":3,"column":33}},"loc":{"start":{"line":3,"column":60},"end":{"line":14,"column":1}},"line":3}},"branchMap":{"0":{"loc":{"start":{"line":7,"column":4},"end":{"line":7,"column":51}},"type":"if","locations":[{"start":{"line":7,"column":4},"end":{"line":7,"column":51}},{"start":{"line":7,"column":4},"end":{"line":7,"column":51}}],"line":7}},"s":{"0":2,"1":1,"2":0,"3":0,"4":0,"5":0,"6":0,"7":0,"8":0,"9":0},"f":{"0":0},"b":{"0":[0,0]},"_coverageSchema":"332fd63041d2c1bcb487cc26dd0d5f7d97098a6c","hash":"e982fbaf6f424e1d77eb6e5aa12ac7cefe665788"}
,"/Sites/notifcation_designer_frontend/src/js/server/inline.js": {"path":"/Sites/notifcation_designer_frontend/src/js/server/inline.js","statementMap":{"0":{"start":{"line":1,"column":10},"end":{"line":1,"column":27}},"1":{"start":{"line":2,"column":16},"end":{"line":2,"column":37}},"2":{"start":{"line":3,"column":17},"end":{"line":5,"column":1}},"3":{"start":{"line":7,"column":0},"end":{"line":15,"column":1}},"4":{"start":{"line":8,"column":25},"end":{"line":8,"column":55}},"5":{"start":{"line":9,"column":2},"end":{"line":14,"column":3}},"6":{"start":{"line":10,"column":19},"end":{"line":10,"column":57}},"7":{"start":{"line":11,"column":4},"end":{"line":11,"column":34}},"8":{"start":{"line":13,"column":4},"end":{"line":13,"column":32}}},"fnMap":{"0":{"name":"inline","decl":{"start":{"line":7,"column":26},"end":{"line":7,"column":32}},"loc":{"start":{"line":7,"column":62},"end":{"line":15,"column":1}},"line":7}},"branchMap":{"0":{"loc":{"start":{"line":7,"column":48},"end":{"line":7,"column":60}},"type":"default-arg","locations":[{"start":{"line":7,"column":58},"end":{"line":7,"column":60}}],"line":7}},"s":{"0":2,"1":1,"2":1,"3":1,"4":0,"5":0,"6":0,"7":0,"8":0},"f":{"0":0},"b":{"0":[0]},"_coverageSchema":"332fd63041d2c1bcb487cc26dd0d5f7d97098a6c","hash":"69c16dbcbdfbd56abde9b22ded5a80d8772362c1"}
,"/Sites/notifcation_designer_frontend/src/js/server/preprocess.js": {"path":"/Sites/notifcation_designer_frontend/src/js/server/preprocess.js","statementMap":{"0":{"start":{"line":1,"column":13},"end":{"line":1,"column":33}},"1":{"start":{"line":3,"column":0},"end":{"line":16,"column":1}},"2":{"start":{"line":4,"column":2},"end":{"line":15,"column":3}},"3":{"start":{"line":5,"column":20},"end":{"line":10,"column":6}},"4":{"start":{"line":11,"column":19},"end":{"line":11,"column":33}},"5":{"start":{"line":12,"column":4},"end":{"line":12,"column":34}},"6":{"start":{"line":14,"column":4},"end":{"line":14,"column":32}}},"fnMap":{"0":{"name":"preprocess","decl":{"start":{"line":3,"column":26},"end":{"line":3,"column":36}},"loc":{"start":{"line":3,"column":44},"end":{"line":16,"column":1}},"line":3}},"branchMap":{},"s":{"0":2,"1":1,"2":0,"3":0,"4":0,"5":0,"6":0},"f":{"0":0},"b":{},"_coverageSchema":"332fd63041d2c1bcb487cc26dd0d5f7d97098a6c","hash":"6e815906852dc40b8be39b443451606a8c40aa2a"}
,"/Sites/notifcation_designer_frontend/src/js/server/utils/index.js": {"path":"/Sites/notifcation_designer_frontend/src/js/server/utils/index.js","statementMap":{"0":{"start":{"line":1,"column":10},"end":{"line":1,"column":27}},"1":{"start":{"line":2,"column":11},"end":{"line":2,"column":24}},"2":{"start":{"line":3,"column":13},"end":{"line":3,"column":28}},"3":{"start":{"line":4,"column":15},"end":{"line":4,"column":32}},"4":{"start":{"line":5,"column":15},"end":{"line":5,"column":32}},"5":{"start":{"line":6,"column":19},"end":{"line":6,"column":43}},"6":{"start":{"line":7,"column":16},"end":{"line":7,"column":37}},"7":{"start":{"line":8,"column":15},"end":{"line":8,"column":35}},"8":{"start":{"line":10,"column":0},"end":{"line":12,"column":1}},"9":{"start":{"line":11,"column":2},"end":{"line":11,"column":50}},"10":{"start":{"line":14,"column":0},"end":{"line":16,"column":1}},"11":{"start":{"line":15,"column":2},"end":{"line":15,"column":56}},"12":{"start":{"line":15,"column":32},"end":{"line":15,"column":55}},"13":{"start":{"line":25,"column":2},"end":{"line":25,"column":21}},"14":{"start":{"line":26,"column":2},"end":{"line":26,"column":20}},"15":{"start":{"line":27,"column":2},"end":{"line":30,"column":4}},"16":{"start":{"line":28,"column":4},"end":{"line":28,"column":26}},"17":{"start":{"line":29,"column":4},"end":{"line":29,"column":24}},"18":{"start":{"line":31,"column":2},"end":{"line":31,"column":21}},"19":{"start":{"line":34,"column":0},"end":{"line":34,"column":27}},"20":{"start":{"line":45,"column":19},"end":{"line":45,"column":33}},"21":{"start":{"line":46,"column":2},"end":{"line":50,"column":4}},"22":{"start":{"line":47,"column":4},"end":{"line":49,"column":30}},"23":{"start":{"line":51,"column":2},"end":{"line":51,"column":25}},"24":{"start":{"line":54,"column":0},"end":{"line":54,"column":37}},"25":{"start":{"line":57,"column":2},"end":{"line":63,"column":3}},"26":{"start":{"line":58,"column":17},"end":{"line":58,"column":30}},"27":{"start":{"line":59,"column":24},"end":{"line":59,"column":39}},"28":{"start":{"line":60,"column":4},"end":{"line":60,"column":39}},"29":{"start":{"line":62,"column":4},"end":{"line":62,"column":32}},"30":{"start":{"line":66,"column":0},"end":{"line":66,"column":39}},"31":{"start":{"line":77,"column":2},"end":{"line":77,"column":52}},"32":{"start":{"line":80,"column":0},"end":{"line":80,"column":31}},"33":{"start":{"line":83,"column":2},"end":{"line":83,"column":51}},"34":{"start":{"line":86,"column":0},"end":{"line":86,"column":29}},"35":{"start":{"line":97,"column":2},"end":{"line":97,"column":42}},"36":{"start":{"line":100,"column":0},"end":{"line":100,"column":21}},"37":{"start":{"line":103,"column":2},"end":{"line":103,"column":36}},"38":{"start":{"line":106,"column":0},"end":{"line":106,"column":19}},"39":{"start":{"line":116,"column":17},"end":{"line":118,"column":1}},"40":{"start":{"line":117,"column":2},"end":{"line":117,"column":51}},"41":{"start":{"line":120,"column":0},"end":{"line":120,"column":27}},"42":{"start":{"line":122,"column":16},"end":{"line":128,"column":1}},"43":{"start":{"line":123,"column":2},"end":{"line":127,"column":4}},"44":{"start":{"line":124,"column":4},"end":{"line":126,"column":6}},"45":{"start":{"line":125,"column":6},"end":{"line":125,"column":36}},"46":{"start":{"line":130,"column":0},"end":{"line":130,"column":25}},"47":{"start":{"line":132,"column":21},"end":{"line":139,"column":1}},"48":{"start":{"line":133,"column":2},"end":{"line":138,"column":4}},"49":{"start":{"line":134,"column":4},"end":{"line":137,"column":6}},"50":{"start":{"line":135,"column":23},"end":{"line":135,"column":48}},"51":{"start":{"line":136,"column":6},"end":{"line":136,"column":36}},"52":{"start":{"line":141,"column":0},"end":{"line":141,"column":35}},"53":{"start":{"line":150,"column":25},"end":{"line":152,"column":1}},"54":{"start":{"line":151,"column":2},"end":{"line":151,"column":44}},"55":{"start":{"line":154,"column":0},"end":{"line":154,"column":43}},"56":{"start":{"line":157,"column":2},"end":{"line":157,"column":36}},"57":{"start":{"line":167,"column":20},"end":{"line":196,"column":1}},"58":{"start":{"line":168,"column":15},"end":{"line":168,"column":17}},"59":{"start":{"line":169,"column":20},"end":{"line":169,"column":22}},"60":{"start":{"line":170,"column":14},"end":{"line":170,"column":16}},"61":{"start":{"line":172,"column":36},"end":{"line":172,"column":60}},"62":{"start":{"line":173,"column":2},"end":{"line":173,"column":35}},"63":{"start":{"line":174,"column":30},"end":{"line":174,"column":65}},"64":{"start":{"line":176,"column":2},"end":{"line":182,"column":3}},"65":{"start":{"line":177,"column":17},"end":{"line":177,"column":29}},"66":{"start":{"line":178,"column":20},"end":{"line":178,"column":53}},"67":{"start":{"line":179,"column":4},"end":{"line":181,"column":30}},"68":{"start":{"line":184,"column":2},"end":{"line":188,"column":3}},"69":{"start":{"line":185,"column":17},"end":{"line":185,"column":35}},"70":{"start":{"line":186,"column":23},"end":{"line":186,"column":64}},"71":{"start":{"line":187,"column":4},"end":{"line":187,"column":98}},"72":{"start":{"line":190,"column":2},"end":{"line":194,"column":3}},"73":{"start":{"line":191,"column":17},"end":{"line":191,"column":29}},"74":{"start":{"line":192,"column":23},"end":{"line":192,"column":64}},"75":{"start":{"line":193,"column":4},"end":{"line":193,"column":86}},"76":{"start":{"line":195,"column":2},"end":{"line":195,"column":15}},"77":{"start":{"line":198,"column":0},"end":{"line":198,"column":33}},"78":{"start":{"line":200,"column":20},"end":{"line":216,"column":1}},"79":{"start":{"line":201,"column":15},"end":{"line":201,"column":17}},"80":{"start":{"line":202,"column":2},"end":{"line":214,"column":3}},"81":{"start":{"line":203,"column":15},"end":{"line":203,"column":17}},"82":{"start":{"line":204,"column":4},"end":{"line":204,"column":19}},"83":{"start":{"line":205,"column":4},"end":{"line":205,"column":32}},"84":{"start":{"line":206,"column":4},"end":{"line":206,"column":32}},"85":{"start":{"line":207,"column":4},"end":{"line":212,"column":5}},"86":{"start":{"line":209,"column":6},"end":{"line":209,"column":50}},"87":{"start":{"line":211,"column":6},"end":{"line":211,"column":47}},"88":{"start":{"line":213,"column":4},"end":{"line":213,"column":21}},"89":{"start":{"line":215,"column":2},"end":{"line":215,"column":15}},"90":{"start":{"line":218,"column":0},"end":{"line":218,"column":33}},"91":{"start":{"line":228,"column":2},"end":{"line":230,"column":4}},"92":{"start":{"line":229,"column":4},"end":{"line":229,"column":43}},"93":{"start":{"line":233,"column":0},"end":{"line":233,"column":35}},"94":{"start":{"line":235,"column":0},"end":{"line":242,"column":1}},"95":{"start":{"line":236,"column":22},"end":{"line":236,"column":50}},"96":{"start":{"line":237,"column":28},"end":{"line":237,"column":65}},"97":{"start":{"line":238,"column":15},"end":{"line":238,"column":57}},"98":{"start":{"line":239,"column":16},"end":{"line":239,"column":39}},"99":{"start":{"line":241,"column":2},"end":{"line":241,"column":14}},"100":{"start":{"line":251,"column":0},"end":{"line":286,"column":1}},"101":{"start":{"line":252,"column":20},"end":{"line":252,"column":51}},"102":{"start":{"line":254,"column":2},"end":{"line":256,"column":3}},"103":{"start":{"line":255,"column":4},"end":{"line":255,"column":63}},"104":{"start":{"line":258,"column":24},"end":{"line":258,"column":57}},"105":{"start":{"line":260,"column":18},"end":{"line":265,"column":3}},"106":{"start":{"line":267,"column":16},"end":{"line":274,"column":3}},"107":{"start":{"line":276,"column":2},"end":{"line":285,"column":3}},"108":{"start":{"line":277,"column":4},"end":{"line":279,"column":5}},"109":{"start":{"line":278,"column":6},"end":{"line":278,"column":33}},"110":{"start":{"line":280,"column":4},"end":{"line":282,"column":5}},"111":{"start":{"line":281,"column":6},"end":{"line":281,"column":36}},"112":{"start":{"line":284,"column":4},"end":{"line":284,"column":15}},"113":{"start":{"line":294,"column":0},"end":{"line":296,"column":1}},"114":{"start":{"line":295,"column":2},"end":{"line":295,"column":65}},"115":{"start":{"line":305,"column":0},"end":{"line":332,"column":1}},"116":{"start":{"line":306,"column":19},"end":{"line":306,"column":49}},"117":{"start":{"line":307,"column":2},"end":{"line":309,"column":3}},"118":{"start":{"line":308,"column":4},"end":{"line":308,"column":62}},"119":{"start":{"line":311,"column":23},"end":{"line":311,"column":54}},"120":{"start":{"line":313,"column":18},"end":{"line":315,"column":3}},"121":{"start":{"line":317,"column":16},"end":{"line":320,"column":3}},"122":{"start":{"line":322,"column":2},"end":{"line":331,"column":3}},"123":{"start":{"line":323,"column":4},"end":{"line":325,"column":5}},"124":{"start":{"line":324,"column":6},"end":{"line":324,"column":33}},"125":{"start":{"line":326,"column":4},"end":{"line":328,"column":5}},"126":{"start":{"line":327,"column":6},"end":{"line":327,"column":36}},"127":{"start":{"line":330,"column":4},"end":{"line":330,"column":15}},"128":{"start":{"line":341,"column":0},"end":{"line":343,"column":1}},"129":{"start":{"line":342,"column":2},"end":{"line":342,"column":63}},"130":{"start":{"line":345,"column":0},"end":{"line":368,"column":1}},"131":{"start":{"line":346,"column":27},"end":{"line":346,"column":53}},"132":{"start":{"line":347,"column":22},"end":{"line":347,"column":27}},"133":{"start":{"line":348,"column":13},"end":{"line":348,"column":28}},"134":{"start":{"line":349,"column":2},"end":{"line":353,"column":3}},"135":{"start":{"line":350,"column":4},"end":{"line":352,"column":5}},"136":{"start":{"line":351,"column":6},"end":{"line":351,"column":26}},"137":{"start":{"line":354,"column":2},"end":{"line":354,"column":43}},"138":{"start":{"line":354,"column":22},"end":{"line":354,"column":43}},"139":{"start":{"line":356,"column":22},"end":{"line":356,"column":50}},"140":{"start":{"line":357,"column":2},"end":{"line":359,"column":3}},"141":{"start":{"line":358,"column":4},"end":{"line":358,"column":65}},"142":{"start":{"line":361,"column":15},"end":{"line":361,"column":36}},"143":{"start":{"line":363,"column":2},"end":{"line":367,"column":3}},"144":{"start":{"line":364,"column":4},"end":{"line":364,"column":26}},"145":{"start":{"line":366,"column":4},"end":{"line":366,"column":15}},"146":{"start":{"line":370,"column":0},"end":{"line":372,"column":1}},"147":{"start":{"line":371,"column":2},"end":{"line":371,"column":64}},"148":{"start":{"line":380,"column":0},"end":{"line":428,"column":1}},"149":{"start":{"line":381,"column":15},"end":{"line":381,"column":46}},"150":{"start":{"line":383,"column":19},"end":{"line":383,"column":55}},"151":{"start":{"line":384,"column":24},"end":{"line":384,"column":68}},"152":{"start":{"line":385,"column":24},"end":{"line":385,"column":95}},"153":{"start":{"line":387,"column":23},"end":{"line":387,"column":54}},"154":{"start":{"line":388,"column":27},"end":{"line":390,"column":4}},"155":{"start":{"line":392,"column":26},"end":{"line":392,"column":69}},"156":{"start":{"line":393,"column":22},"end":{"line":393,"column":75}},"157":{"start":{"line":394,"column":22},"end":{"line":394,"column":87}},"158":{"start":{"line":396,"column":21},"end":{"line":396,"column":50}},"159":{"start":{"line":398,"column":28},"end":{"line":398,"column":60}},"160":{"start":{"line":400,"column":17},"end":{"line":400,"column":19}},"161":{"start":{"line":402,"column":2},"end":{"line":410,"column":3}},"162":{"start":{"line":403,"column":29},"end":{"line":403,"column":81}},"163":{"start":{"line":404,"column":25},"end":{"line":404,"column":85}},"164":{"start":{"line":405,"column":24},"end":{"line":405,"column":54}},"165":{"start":{"line":406,"column":37},"end":{"line":408,"column":6}},"166":{"start":{"line":409,"column":4},"end":{"line":409,"column":45}},"167":{"start":{"line":412,"column":2},"end":{"line":412,"column":37}},"168":{"start":{"line":414,"column":22},"end":{"line":414,"column":61}},"169":{"start":{"line":415,"column":13},"end":{"line":415,"column":66}},"170":{"start":{"line":417,"column":27},"end":{"line":417,"column":65}},"171":{"start":{"line":418,"column":16},"end":{"line":418,"column":60}},"172":{"start":{"line":420,"column":2},"end":{"line":423,"column":3}},"173":{"start":{"line":424,"column":2},"end":{"line":427,"column":3}},"174":{"start":{"line":436,"column":0},"end":{"line":450,"column":1}},"175":{"start":{"line":437,"column":15},"end":{"line":437,"column":45}},"176":{"start":{"line":439,"column":19},"end":{"line":439,"column":55}},"177":{"start":{"line":440,"column":24},"end":{"line":440,"column":95}},"178":{"start":{"line":442,"column":22},"end":{"line":442,"column":87}},"179":{"start":{"line":444,"column":22},"end":{"line":444,"column":61}},"180":{"start":{"line":445,"column":13},"end":{"line":445,"column":49}},"181":{"start":{"line":447,"column":2},"end":{"line":449,"column":3}},"182":{"start":{"line":458,"column":0},"end":{"line":472,"column":1}},"183":{"start":{"line":459,"column":15},"end":{"line":459,"column":45}},"184":{"start":{"line":461,"column":19},"end":{"line":461,"column":55}},"185":{"start":{"line":462,"column":24},"end":{"line":462,"column":95}},"186":{"start":{"line":464,"column":22},"end":{"line":464,"column":87}},"187":{"start":{"line":466,"column":22},"end":{"line":466,"column":61}},"188":{"start":{"line":467,"column":13},"end":{"line":467,"column":49}},"189":{"start":{"line":469,"column":2},"end":{"line":471,"column":3}},"190":{"start":{"line":476,"column":0},"end":{"line":481,"column":1}},"191":{"start":{"line":477,"column":27},"end":{"line":477,"column":74}},"192":{"start":{"line":478,"column":31},"end":{"line":478,"column":62}},"193":{"start":{"line":479,"column":24},"end":{"line":479,"column":61}},"194":{"start":{"line":480,"column":2},"end":{"line":480,"column":22}}},"fnMap":{"0":{"name":"(anonymous_0)","decl":{"start":{"line":10,"column":21},"end":{"line":10,"column":22}},"loc":{"start":{"line":10,"column":30},"end":{"line":12,"column":1}},"line":10},"1":{"name":"(anonymous_1)","decl":{"start":{"line":14,"column":16},"end":{"line":14,"column":17}},"loc":{"start":{"line":14,"column":24},"end":{"line":16,"column":1}},"line":14},"2":{"name":"(anonymous_2)","decl":{"start":{"line":15,"column":21},"end":{"line":15,"column":22}},"loc":{"start":{"line":15,"column":32},"end":{"line":15,"column":55}},"line":15},"3":{"name":"Deferred","decl":{"start":{"line":24,"column":9},"end":{"line":24,"column":17}},"loc":{"start":{"line":24,"column":21},"end":{"line":32,"column":1}},"line":24},"4":{"name":"(anonymous_4)","decl":{"start":{"line":27,"column":29},"end":{"line":27,"column":30}},"loc":{"start":{"line":27,"column":50},"end":{"line":30,"column":3}},"line":27},"5":{"name":"asyncCallback","decl":{"start":{"line":44,"column":9},"end":{"line":44,"column":22}},"loc":{"start":{"line":44,"column":36},"end":{"line":52,"column":1}},"line":44},"6":{"name":"(anonymous_6)","decl":{"start":{"line":46,"column":14},"end":{"line":46,"column":15}},"loc":{"start":{"line":46,"column":31},"end":{"line":50,"column":3}},"line":46},"7":{"name":"transformAsync","decl":{"start":{"line":56,"column":15},"end":{"line":56,"column":29}},"loc":{"start":{"line":56,"column":50},"end":{"line":64,"column":1}},"line":56},"8":{"name":"appendFile","decl":{"start":{"line":76,"column":9},"end":{"line":76,"column":19}},"loc":{"start":{"line":76,"column":45},"end":{"line":78,"column":1}},"line":76},"9":{"name":"writeFile","decl":{"start":{"line":82,"column":9},"end":{"line":82,"column":18}},"loc":{"start":{"line":82,"column":44},"end":{"line":84,"column":1}},"line":82},"10":{"name":"mkdir","decl":{"start":{"line":96,"column":9},"end":{"line":96,"column":14}},"loc":{"start":{"line":96,"column":40},"end":{"line":98,"column":1}},"line":96},"11":{"name":"rmrf","decl":{"start":{"line":102,"column":9},"end":{"line":102,"column":13}},"loc":{"start":{"line":102,"column":20},"end":{"line":104,"column":1}},"line":102},"12":{"name":"(anonymous_12)","decl":{"start":{"line":116,"column":17},"end":{"line":116,"column":18}},"loc":{"start":{"line":116,"column":51},"end":{"line":118,"column":1}},"line":116},"13":{"name":"(anonymous_13)","decl":{"start":{"line":122,"column":16},"end":{"line":122,"column":17}},"loc":{"start":{"line":122,"column":26},"end":{"line":128,"column":1}},"line":122},"14":{"name":"(anonymous_14)","decl":{"start":{"line":123,"column":57},"end":{"line":123,"column":58}},"loc":{"start":{"line":123,"column":68},"end":{"line":127,"column":3}},"line":123},"15":{"name":"(anonymous_15)","decl":{"start":{"line":124,"column":24},"end":{"line":124,"column":25}},"loc":{"start":{"line":124,"column":36},"end":{"line":126,"column":5}},"line":124},"16":{"name":"(anonymous_16)","decl":{"start":{"line":132,"column":21},"end":{"line":132,"column":22}},"loc":{"start":{"line":132,"column":31},"end":{"line":139,"column":1}},"line":132},"17":{"name":"(anonymous_17)","decl":{"start":{"line":133,"column":58},"end":{"line":133,"column":59}},"loc":{"start":{"line":133,"column":69},"end":{"line":138,"column":3}},"line":133},"18":{"name":"(anonymous_18)","decl":{"start":{"line":134,"column":24},"end":{"line":134,"column":25}},"loc":{"start":{"line":134,"column":32},"end":{"line":137,"column":5}},"line":134},"19":{"name":"(anonymous_19)","decl":{"start":{"line":150,"column":25},"end":{"line":150,"column":26}},"loc":{"start":{"line":150,"column":40},"end":{"line":152,"column":1}},"line":150},"20":{"name":"isFile","decl":{"start":{"line":156,"column":9},"end":{"line":156,"column":15}},"loc":{"start":{"line":156,"column":23},"end":{"line":158,"column":1}},"line":156},"21":{"name":"(anonymous_21)","decl":{"start":{"line":167,"column":20},"end":{"line":167,"column":21}},"loc":{"start":{"line":167,"column":56},"end":{"line":196,"column":1}},"line":167},"22":{"name":"(anonymous_22)","decl":{"start":{"line":200,"column":20},"end":{"line":200,"column":21}},"loc":{"start":{"line":200,"column":32},"end":{"line":216,"column":1}},"line":200},"23":{"name":"shortenPaths","decl":{"start":{"line":227,"column":9},"end":{"line":227,"column":21}},"loc":{"start":{"line":227,"column":51},"end":{"line":231,"column":1}},"line":227},"24":{"name":"(anonymous_24)","decl":{"start":{"line":228,"column":25},"end":{"line":228,"column":26}},"loc":{"start":{"line":228,"column":33},"end":{"line":230,"column":3}},"line":228},"25":{"name":"(anonymous_25)","decl":{"start":{"line":235,"column":23},"end":{"line":235,"column":24}},"loc":{"start":{"line":235,"column":39},"end":{"line":242,"column":1}},"line":235},"26":{"name":"(anonymous_26)","decl":{"start":{"line":251,"column":25},"end":{"line":251,"column":26}},"loc":{"start":{"line":251,"column":50},"end":{"line":286,"column":1}},"line":251},"27":{"name":"(anonymous_27)","decl":{"start":{"line":294,"column":25},"end":{"line":294,"column":26}},"loc":{"start":{"line":294,"column":50},"end":{"line":296,"column":1}},"line":294},"28":{"name":"(anonymous_28)","decl":{"start":{"line":305,"column":24},"end":{"line":305,"column":25}},"loc":{"start":{"line":305,"column":48},"end":{"line":332,"column":1}},"line":305},"29":{"name":"(anonymous_29)","decl":{"start":{"line":341,"column":24},"end":{"line":341,"column":25}},"loc":{"start":{"line":341,"column":48},"end":{"line":343,"column":1}},"line":341},"30":{"name":"(anonymous_30)","decl":{"start":{"line":345,"column":27},"end":{"line":345,"column":28}},"loc":{"start":{"line":345,"column":54},"end":{"line":368,"column":1}},"line":345},"31":{"name":"(anonymous_31)","decl":{"start":{"line":370,"column":27},"end":{"line":370,"column":28}},"loc":{"start":{"line":370,"column":54},"end":{"line":372,"column":1}},"line":370},"32":{"name":"(anonymous_32)","decl":{"start":{"line":380,"column":22},"end":{"line":380,"column":23}},"loc":{"start":{"line":380,"column":47},"end":{"line":428,"column":1}},"line":380},"33":{"name":"(anonymous_33)","decl":{"start":{"line":436,"column":21},"end":{"line":436,"column":22}},"loc":{"start":{"line":436,"column":46},"end":{"line":450,"column":1}},"line":436},"34":{"name":"(anonymous_34)","decl":{"start":{"line":458,"column":21},"end":{"line":458,"column":22}},"loc":{"start":{"line":458,"column":46},"end":{"line":472,"column":1}},"line":458},"35":{"name":"(anonymous_35)","decl":{"start":{"line":476,"column":23},"end":{"line":476,"column":24}},"loc":{"start":{"line":476,"column":50},"end":{"line":481,"column":1}},"line":476}},"branchMap":{"0":{"loc":{"start":{"line":47,"column":4},"end":{"line":49,"column":30}},"type":"cond-expr","locations":[{"start":{"line":48,"column":8},"end":{"line":48,"column":30}},{"start":{"line":49,"column":8},"end":{"line":49,"column":30}}],"line":47},"1":{"loc":{"start":{"line":76,"column":20},"end":{"line":76,"column":29}},"type":"default-arg","locations":[{"start":{"line":76,"column":27},"end":{"line":76,"column":29}}],"line":76},"2":{"loc":{"start":{"line":76,"column":31},"end":{"line":76,"column":43}},"type":"default-arg","locations":[{"start":{"line":76,"column":41},"end":{"line":76,"column":43}}],"line":76},"3":{"loc":{"start":{"line":82,"column":19},"end":{"line":82,"column":28}},"type":"default-arg","locations":[{"start":{"line":82,"column":26},"end":{"line":82,"column":28}}],"line":82},"4":{"loc":{"start":{"line":82,"column":30},"end":{"line":82,"column":42}},"type":"default-arg","locations":[{"start":{"line":82,"column":40},"end":{"line":82,"column":42}}],"line":82},"5":{"loc":{"start":{"line":96,"column":15},"end":{"line":96,"column":24}},"type":"default-arg","locations":[{"start":{"line":96,"column":22},"end":{"line":96,"column":24}}],"line":96},"6":{"loc":{"start":{"line":96,"column":26},"end":{"line":96,"column":38}},"type":"default-arg","locations":[{"start":{"line":96,"column":33},"end":{"line":96,"column":38}}],"line":96},"7":{"loc":{"start":{"line":116,"column":18},"end":{"line":116,"column":27}},"type":"default-arg","locations":[{"start":{"line":116,"column":25},"end":{"line":116,"column":27}}],"line":116},"8":{"loc":{"start":{"line":116,"column":29},"end":{"line":116,"column":46}},"type":"default-arg","locations":[{"start":{"line":116,"column":40},"end":{"line":116,"column":46}}],"line":116},"9":{"loc":{"start":{"line":150,"column":26},"end":{"line":150,"column":35}},"type":"default-arg","locations":[{"start":{"line":150,"column":33},"end":{"line":150,"column":35}}],"line":150},"10":{"loc":{"start":{"line":167,"column":21},"end":{"line":167,"column":31}},"type":"default-arg","locations":[{"start":{"line":167,"column":29},"end":{"line":167,"column":31}}],"line":167},"11":{"loc":{"start":{"line":167,"column":33},"end":{"line":167,"column":51}},"type":"default-arg","locations":[{"start":{"line":167,"column":49},"end":{"line":167,"column":51}}],"line":167},"12":{"loc":{"start":{"line":179,"column":4},"end":{"line":181,"column":30}},"type":"cond-expr","locations":[{"start":{"line":180,"column":8},"end":{"line":180,"column":24}},{"start":{"line":181,"column":8},"end":{"line":181,"column":30}}],"line":179},"13":{"loc":{"start":{"line":207,"column":4},"end":{"line":212,"column":5}},"type":"if","locations":[{"start":{"line":207,"column":4},"end":{"line":212,"column":5}},{"start":{"line":207,"column":4},"end":{"line":212,"column":5}}],"line":207},"14":{"loc":{"start":{"line":254,"column":2},"end":{"line":256,"column":3}},"type":"if","locations":[{"start":{"line":254,"column":2},"end":{"line":256,"column":3}},{"start":{"line":254,"column":2},"end":{"line":256,"column":3}}],"line":254},"15":{"loc":{"start":{"line":307,"column":2},"end":{"line":309,"column":3}},"type":"if","locations":[{"start":{"line":307,"column":2},"end":{"line":309,"column":3}},{"start":{"line":307,"column":2},"end":{"line":309,"column":3}}],"line":307},"16":{"loc":{"start":{"line":350,"column":4},"end":{"line":352,"column":5}},"type":"if","locations":[{"start":{"line":350,"column":4},"end":{"line":352,"column":5}},{"start":{"line":350,"column":4},"end":{"line":352,"column":5}}],"line":350},"17":{"loc":{"start":{"line":354,"column":2},"end":{"line":354,"column":43}},"type":"if","locations":[{"start":{"line":354,"column":2},"end":{"line":354,"column":43}},{"start":{"line":354,"column":2},"end":{"line":354,"column":43}}],"line":354},"18":{"loc":{"start":{"line":357,"column":2},"end":{"line":359,"column":3}},"type":"if","locations":[{"start":{"line":357,"column":2},"end":{"line":359,"column":3}},{"start":{"line":357,"column":2},"end":{"line":359,"column":3}}],"line":357},"19":{"loc":{"start":{"line":384,"column":24},"end":{"line":384,"column":68}},"type":"binary-expr","locations":[{"start":{"line":384,"column":24},"end":{"line":384,"column":60}},{"start":{"line":384,"column":64},"end":{"line":384,"column":68}}],"line":384},"20":{"loc":{"start":{"line":385,"column":35},"end":{"line":385,"column":94}},"type":"binary-expr","locations":[{"start":{"line":385,"column":35},"end":{"line":385,"column":86}},{"start":{"line":385,"column":90},"end":{"line":385,"column":94}}],"line":385},"21":{"loc":{"start":{"line":393,"column":22},"end":{"line":393,"column":75}},"type":"binary-expr","locations":[{"start":{"line":393,"column":22},"end":{"line":393,"column":67}},{"start":{"line":393,"column":71},"end":{"line":393,"column":75}}],"line":393},"22":{"loc":{"start":{"line":394,"column":33},"end":{"line":394,"column":86}},"type":"binary-expr","locations":[{"start":{"line":394,"column":33},"end":{"line":394,"column":78}},{"start":{"line":394,"column":82},"end":{"line":394,"column":86}}],"line":394},"23":{"loc":{"start":{"line":404,"column":25},"end":{"line":404,"column":85}},"type":"binary-expr","locations":[{"start":{"line":404,"column":25},"end":{"line":404,"column":77}},{"start":{"line":404,"column":81},"end":{"line":404,"column":85}}],"line":404},"24":{"loc":{"start":{"line":440,"column":35},"end":{"line":440,"column":94}},"type":"binary-expr","locations":[{"start":{"line":440,"column":35},"end":{"line":440,"column":86}},{"start":{"line":440,"column":90},"end":{"line":440,"column":94}}],"line":440},"25":{"loc":{"start":{"line":442,"column":33},"end":{"line":442,"column":86}},"type":"binary-expr","locations":[{"start":{"line":442,"column":33},"end":{"line":442,"column":78}},{"start":{"line":442,"column":82},"end":{"line":442,"column":86}}],"line":442},"26":{"loc":{"start":{"line":462,"column":35},"end":{"line":462,"column":94}},"type":"binary-expr","locations":[{"start":{"line":462,"column":35},"end":{"line":462,"column":86}},{"start":{"line":462,"column":90},"end":{"line":462,"column":94}}],"line":462},"27":{"loc":{"start":{"line":464,"column":33},"end":{"line":464,"column":86}},"type":"binary-expr","locations":[{"start":{"line":464,"column":33},"end":{"line":464,"column":78}},{"start":{"line":464,"column":82},"end":{"line":464,"column":86}}],"line":464}},"s":{"0":2,"1":1,"2":2,"3":4,"4":4,"5":22,"6":22,"7":22,"8":22,"9":21,"10":22,"11":4,"12":21,"13":39,"14":39,"15":22,"16":24,"17":24,"18":21,"19":2,"20":19,"21":19,"22":19,"23":19,"24":3,"25":4,"26":4,"27":4,"28":4,"29":1,"30":2,"31":2,"32":2,"33":2,"34":2,"35":3,"36":2,"37":2,"38":2,"39":2,"40":2,"41":2,"42":4,"43":2,"44":5,"45":2,"46":3,"47":3,"48":5,"49":3,"50":3,"51":3,"52":3,"53":3,"54":4,"55":2,"56":6,"57":3,"58":4,"59":4,"60":4,"61":3,"62":3,"63":4,"64":4,"65":5,"66":5,"67":6,"68":3,"69":3,"70":3,"71":3,"72":2,"73":2,"74":2,"75":2,"76":2,"77":1,"78":1,"79":2,"80":3,"81":2,"82":3,"83":2,"84":2,"85":2,"86":1,"87":1,"88":2,"89":2,"90":1,"91":2,"92":2,"93":2,"94":1,"95":1,"96":1,"97":1,"98":1,"99":1,"100":1,"101":0,"102":0,"103":0,"104":1,"105":0,"106":1,"107":0,"108":0,"109":0,"110":0,"111":0,"112":1,"113":1,"114":1,"115":1,"116":1,"117":0,"118":0,"119":0,"120":0,"121":0,"122":0,"123":0,"124":0,"125":0,"126":0,"127":0,"128":1,"129":0,"130":1,"131":0,"132":0,"133":0,"134":0,"135":0,"136":0,"137":0,"138":0,"139":0,"140":0,"141":0,"142":0,"143":0,"144":0,"145":0,"146":1,"147":0,"148":1,"149":0,"150":0,"151":0,"152":0,"153":0,"154":0,"155":0,"156":0,"157":0,"158":0,"159":0,"160":0,"161":0,"162":0,"163":0,"164":0,"165":0,"166":0,"167":0,"168":0,"169":0,"170":0,"171":0,"172":0,"173":0,"174":1,"175":0,"176":0,"177":0,"178":0,"179":0,"180":0,"181":0,"182":1,"183":0,"184":0,"185":0,"186":0,"187":0,"188":0,"189":0,"190":1,"191":0,"192":0,"193":0,"194":0},"f":{"0":0,"1":6,"2":6,"3":42,"4":42,"5":36,"6":36,"7":6,"8":2,"9":2,"10":4,"11":2,"12":2,"13":2,"14":2,"15":2,"16":2,"17":2,"18":2,"19":6,"20":8,"21":4,"22":4,"23":2,"24":4,"25":2,"26":0,"27":0,"28":0,"29":0,"30":0,"31":0,"32":0,"33":0,"34":0,"35":0},"b":{"0":[0,36],"1":[0],"2":[0],"3":[0],"4":[0],"5":[0],"6":[4],"7":[0],"8":[2],"9":[0],"10":[0],"11":[2],"12":[4,4],"13":[2,2],"14":[0,0],"15":[0,0],"16":[0,0],"17":[0,0],"18":[0,0],"19":[0,0],"20":[0,0],"21":[0,0],"22":[0,0],"23":[0,0],"24":[0,0],"25":[0,0],"26":[0,0],"27":[0,0]},"_coverageSchema":"332fd63041d2c1bcb487cc26dd0d5f7d97098a6c","hash":"3285cc0b62b9bd7a48f4cd33128e143af7a9a073"}
,"/Sites/notifcation_designer_frontend/src/js/server/utils/tests/index.spec.js": {"path":"/Sites/notifcation_designer_frontend/src/js/server/utils/tests/index.spec.js","statementMap":{"0":{"start":{"line":4,"column":0},"end":{"line":16,"column":2}},"1":{"start":{"line":5,"column":2},"end":{"line":10,"column":4}},"2":{"start":{"line":6,"column":4},"end":{"line":9,"column":8}},"3":{"start":{"line":8,"column":8},"end":{"line":8,"column":14}},"4":{"start":{"line":12,"column":2},"end":{"line":15,"column":4}},"5":{"start":{"line":13,"column":4},"end":{"line":13,"column":24}},"6":{"start":{"line":14,"column":4},"end":{"line":14,"column":10}},"7":{"start":{"line":18,"column":0},"end":{"line":54,"column":2}},"8":{"start":{"line":19,"column":2},"end":{"line":23,"column":4}},"9":{"start":{"line":20,"column":21},"end":{"line":20,"column":41}},"10":{"start":{"line":21,"column":4},"end":{"line":22,"column":30}},"11":{"start":{"line":25,"column":2},"end":{"line":38,"column":4}},"12":{"start":{"line":26,"column":4},"end":{"line":26,"column":24}},"13":{"start":{"line":27,"column":22},"end":{"line":34,"column":5}},"14":{"start":{"line":28,"column":23},"end":{"line":28,"column":43}},"15":{"start":{"line":29,"column":6},"end":{"line":32,"column":10}},"16":{"start":{"line":31,"column":10},"end":{"line":31,"column":31}},"17":{"start":{"line":33,"column":6},"end":{"line":33,"column":29}},"18":{"start":{"line":35,"column":16},"end":{"line":35,"column":39}},"19":{"start":{"line":36,"column":4},"end":{"line":37,"column":19}},"20":{"start":{"line":40,"column":2},"end":{"line":53,"column":4}},"21":{"start":{"line":41,"column":4},"end":{"line":41,"column":24}},"22":{"start":{"line":42,"column":22},"end":{"line":46,"column":5}},"23":{"start":{"line":43,"column":23},"end":{"line":43,"column":43}},"24":{"start":{"line":44,"column":6},"end":{"line":44,"column":26}},"25":{"start":{"line":45,"column":6},"end":{"line":45,"column":29}},"26":{"start":{"line":48,"column":4},"end":{"line":52,"column":8}},"27":{"start":{"line":50,"column":8},"end":{"line":51,"column":23}},"28":{"start":{"line":56,"column":0},"end":{"line":69,"column":2}},"29":{"start":{"line":57,"column":2},"end":{"line":68,"column":4}},"30":{"start":{"line":58,"column":4},"end":{"line":58,"column":24}},"31":{"start":{"line":59,"column":25},"end":{"line":61,"column":5}},"32":{"start":{"line":60,"column":6},"end":{"line":60,"column":35}},"33":{"start":{"line":62,"column":22},"end":{"line":64,"column":5}},"34":{"start":{"line":63,"column":6},"end":{"line":63,"column":53}},"35":{"start":{"line":65,"column":16},"end":{"line":65,"column":39}},"36":{"start":{"line":66,"column":4},"end":{"line":67,"column":19}},"37":{"start":{"line":71,"column":0},"end":{"line":91,"column":2}},"38":{"start":{"line":72,"column":2},"end":{"line":90,"column":4}},"39":{"start":{"line":73,"column":4},"end":{"line":73,"column":24}},"40":{"start":{"line":74,"column":25},"end":{"line":76,"column":5}},"41":{"start":{"line":75,"column":6},"end":{"line":75,"column":35}},"42":{"start":{"line":77,"column":22},"end":{"line":86,"column":5}},"43":{"start":{"line":78,"column":6},"end":{"line":85,"column":7}},"44":{"start":{"line":81,"column":10},"end":{"line":83,"column":12}},"45":{"start":{"line":82,"column":12},"end":{"line":82,"column":24}},"46":{"start":{"line":87,"column":16},"end":{"line":87,"column":42}},"47":{"start":{"line":88,"column":4},"end":{"line":89,"column":25}},"48":{"start":{"line":93,"column":0},"end":{"line":113,"column":2}},"49":{"start":{"line":94,"column":2},"end":{"line":102,"column":4}},"50":{"start":{"line":95,"column":4},"end":{"line":95,"column":24}},"51":{"start":{"line":96,"column":4},"end":{"line":96,"column":40}},"52":{"start":{"line":97,"column":18},"end":{"line":97,"column":68}},"53":{"start":{"line":98,"column":4},"end":{"line":101,"column":8}},"54":{"start":{"line":104,"column":2},"end":{"line":112,"column":4}},"55":{"start":{"line":105,"column":4},"end":{"line":105,"column":24}},"56":{"start":{"line":106,"column":4},"end":{"line":106,"column":45}},"57":{"start":{"line":107,"column":18},"end":{"line":107,"column":70}},"58":{"start":{"line":108,"column":4},"end":{"line":111,"column":8}},"59":{"start":{"line":115,"column":0},"end":{"line":124,"column":2}},"60":{"start":{"line":116,"column":2},"end":{"line":123,"column":4}},"61":{"start":{"line":117,"column":4},"end":{"line":117,"column":69}},"62":{"start":{"line":118,"column":18},"end":{"line":118,"column":75}},"63":{"start":{"line":119,"column":4},"end":{"line":122,"column":8}},"64":{"start":{"line":126,"column":0},"end":{"line":135,"column":2}},"65":{"start":{"line":127,"column":2},"end":{"line":134,"column":4}},"66":{"start":{"line":128,"column":4},"end":{"line":128,"column":70}},"67":{"start":{"line":129,"column":18},"end":{"line":129,"column":75}},"68":{"start":{"line":130,"column":4},"end":{"line":133,"column":8}},"69":{"start":{"line":137,"column":0},"end":{"line":143,"column":2}},"70":{"start":{"line":138,"column":2},"end":{"line":142,"column":4}},"71":{"start":{"line":139,"column":16},"end":{"line":139,"column":69}},"72":{"start":{"line":140,"column":4},"end":{"line":141,"column":29}},"73":{"start":{"line":145,"column":0},"end":{"line":153,"column":2}},"74":{"start":{"line":146,"column":2},"end":{"line":152,"column":4}},"75":{"start":{"line":147,"column":18},"end":{"line":147,"column":56}},"76":{"start":{"line":148,"column":4},"end":{"line":151,"column":8}},"77":{"start":{"line":155,"column":0},"end":{"line":163,"column":2}},"78":{"start":{"line":156,"column":2},"end":{"line":162,"column":4}},"79":{"start":{"line":157,"column":18},"end":{"line":157,"column":61}},"80":{"start":{"line":158,"column":4},"end":{"line":161,"column":8}},"81":{"start":{"line":165,"column":0},"end":{"line":174,"column":2}},"82":{"start":{"line":166,"column":2},"end":{"line":173,"column":4}},"83":{"start":{"line":167,"column":18},"end":{"line":167,"column":65}},"84":{"start":{"line":168,"column":4},"end":{"line":172,"column":8}},"85":{"start":{"line":176,"column":0},"end":{"line":199,"column":2}},"86":{"start":{"line":177,"column":2},"end":{"line":198,"column":4}},"87":{"start":{"line":178,"column":18},"end":{"line":178,"column":63}},"88":{"start":{"line":179,"column":17},"end":{"line":179,"column":47}},"89":{"start":{"line":180,"column":4},"end":{"line":197,"column":5}},"90":{"start":{"line":201,"column":0},"end":{"line":223,"column":2}},"91":{"start":{"line":202,"column":2},"end":{"line":222,"column":4}},"92":{"start":{"line":203,"column":18},"end":{"line":203,"column":60}},"93":{"start":{"line":205,"column":4},"end":{"line":221,"column":5}},"94":{"start":{"line":225,"column":0},"end":{"line":232,"column":2}},"95":{"start":{"line":226,"column":2},"end":{"line":231,"column":4}},"96":{"start":{"line":227,"column":4},"end":{"line":227,"column":40}},"97":{"start":{"line":228,"column":18},"end":{"line":228,"column":70}},"98":{"start":{"line":229,"column":4},"end":{"line":230,"column":18}}},"fnMap":{"0":{"name":"(anonymous_0)","decl":{"start":{"line":4,"column":24},"end":{"line":4,"column":25}},"loc":{"start":{"line":4,"column":30},"end":{"line":16,"column":1}},"line":4},"1":{"name":"(anonymous_1)","decl":{"start":{"line":5,"column":30},"end":{"line":5,"column":31}},"loc":{"start":{"line":5,"column":38},"end":{"line":10,"column":3}},"line":5},"2":{"name":"(anonymous_2)","decl":{"start":{"line":7,"column":12},"end":{"line":7,"column":13}},"loc":{"start":{"line":7,"column":18},"end":{"line":9,"column":7}},"line":7},"3":{"name":"(anonymous_3)","decl":{"start":{"line":12,"column":31},"end":{"line":12,"column":32}},"loc":{"start":{"line":12,"column":45},"end":{"line":15,"column":3}},"line":12},"4":{"name":"(anonymous_4)","decl":{"start":{"line":18,"column":27},"end":{"line":18,"column":28}},"loc":{"start":{"line":18,"column":33},"end":{"line":54,"column":1}},"line":18},"5":{"name":"(anonymous_5)","decl":{"start":{"line":19,"column":32},"end":{"line":19,"column":33}},"loc":{"start":{"line":19,"column":38},"end":{"line":23,"column":3}},"line":19},"6":{"name":"(anonymous_6)","decl":{"start":{"line":25,"column":35},"end":{"line":25,"column":36}},"loc":{"start":{"line":25,"column":47},"end":{"line":38,"column":3}},"line":25},"7":{"name":"(anonymous_7)","decl":{"start":{"line":27,"column":22},"end":{"line":27,"column":23}},"loc":{"start":{"line":27,"column":31},"end":{"line":34,"column":5}},"line":27},"8":{"name":"(anonymous_8)","decl":{"start":{"line":30,"column":14},"end":{"line":30,"column":15}},"loc":{"start":{"line":30,"column":20},"end":{"line":32,"column":9}},"line":30},"9":{"name":"(anonymous_9)","decl":{"start":{"line":40,"column":34},"end":{"line":40,"column":35}},"loc":{"start":{"line":40,"column":40},"end":{"line":53,"column":3}},"line":40},"10":{"name":"(anonymous_10)","decl":{"start":{"line":42,"column":22},"end":{"line":42,"column":23}},"loc":{"start":{"line":42,"column":31},"end":{"line":46,"column":5}},"line":42},"11":{"name":"(anonymous_11)","decl":{"start":{"line":49,"column":13},"end":{"line":49,"column":14}},"loc":{"start":{"line":49,"column":22},"end":{"line":52,"column":7}},"line":49},"12":{"name":"(anonymous_12)","decl":{"start":{"line":56,"column":32},"end":{"line":56,"column":33}},"loc":{"start":{"line":56,"column":38},"end":{"line":69,"column":1}},"line":56},"13":{"name":"(anonymous_13)","decl":{"start":{"line":57,"column":42},"end":{"line":57,"column":43}},"loc":{"start":{"line":57,"column":54},"end":{"line":68,"column":3}},"line":57},"14":{"name":"(anonymous_14)","decl":{"start":{"line":59,"column":25},"end":{"line":59,"column":26}},"loc":{"start":{"line":59,"column":46},"end":{"line":61,"column":5}},"line":59},"15":{"name":"(anonymous_15)","decl":{"start":{"line":62,"column":22},"end":{"line":62,"column":23}},"loc":{"start":{"line":62,"column":33},"end":{"line":64,"column":5}},"line":62},"16":{"name":"(anonymous_16)","decl":{"start":{"line":71,"column":33},"end":{"line":71,"column":34}},"loc":{"start":{"line":71,"column":39},"end":{"line":91,"column":1}},"line":71},"17":{"name":"(anonymous_17)","decl":{"start":{"line":72,"column":45},"end":{"line":72,"column":46}},"loc":{"start":{"line":72,"column":57},"end":{"line":90,"column":3}},"line":72},"18":{"name":"(anonymous_18)","decl":{"start":{"line":74,"column":25},"end":{"line":74,"column":26}},"loc":{"start":{"line":74,"column":46},"end":{"line":76,"column":5}},"line":74},"19":{"name":"(anonymous_19)","decl":{"start":{"line":77,"column":22},"end":{"line":77,"column":23}},"loc":{"start":{"line":77,"column":33},"end":{"line":86,"column":5}},"line":77},"20":{"name":"(anonymous_20)","decl":{"start":{"line":80,"column":8},"end":{"line":80,"column":9}},"loc":{"start":{"line":80,"column":19},"end":{"line":84,"column":9}},"line":80},"21":{"name":"(anonymous_21)","decl":{"start":{"line":81,"column":28},"end":{"line":81,"column":29}},"loc":{"start":{"line":81,"column":38},"end":{"line":83,"column":11}},"line":81},"22":{"name":"(anonymous_22)","decl":{"start":{"line":93,"column":24},"end":{"line":93,"column":25}},"loc":{"start":{"line":93,"column":30},"end":{"line":113,"column":1}},"line":93},"23":{"name":"(anonymous_23)","decl":{"start":{"line":94,"column":51},"end":{"line":94,"column":52}},"loc":{"start":{"line":94,"column":63},"end":{"line":102,"column":3}},"line":94},"24":{"name":"(anonymous_24)","decl":{"start":{"line":104,"column":53},"end":{"line":104,"column":54}},"loc":{"start":{"line":104,"column":65},"end":{"line":112,"column":3}},"line":104},"25":{"name":"(anonymous_25)","decl":{"start":{"line":115,"column":28},"end":{"line":115,"column":29}},"loc":{"start":{"line":115,"column":34},"end":{"line":124,"column":1}},"line":115},"26":{"name":"(anonymous_26)","decl":{"start":{"line":116,"column":43},"end":{"line":116,"column":44}},"loc":{"start":{"line":116,"column":55},"end":{"line":123,"column":3}},"line":116},"27":{"name":"(anonymous_27)","decl":{"start":{"line":126,"column":29},"end":{"line":126,"column":30}},"loc":{"start":{"line":126,"column":35},"end":{"line":135,"column":1}},"line":126},"28":{"name":"(anonymous_28)","decl":{"start":{"line":127,"column":43},"end":{"line":127,"column":44}},"loc":{"start":{"line":127,"column":55},"end":{"line":134,"column":3}},"line":127},"29":{"name":"(anonymous_29)","decl":{"start":{"line":137,"column":27},"end":{"line":137,"column":28}},"loc":{"start":{"line":137,"column":33},"end":{"line":143,"column":1}},"line":137},"30":{"name":"(anonymous_30)","decl":{"start":{"line":138,"column":42},"end":{"line":138,"column":43}},"loc":{"start":{"line":138,"column":54},"end":{"line":142,"column":3}},"line":138},"31":{"name":"(anonymous_31)","decl":{"start":{"line":145,"column":26},"end":{"line":145,"column":27}},"loc":{"start":{"line":145,"column":32},"end":{"line":153,"column":1}},"line":145},"32":{"name":"(anonymous_32)","decl":{"start":{"line":146,"column":58},"end":{"line":146,"column":59}},"loc":{"start":{"line":146,"column":70},"end":{"line":152,"column":3}},"line":146},"33":{"name":"(anonymous_33)","decl":{"start":{"line":155,"column":31},"end":{"line":155,"column":32}},"loc":{"start":{"line":155,"column":37},"end":{"line":163,"column":1}},"line":155},"34":{"name":"(anonymous_34)","decl":{"start":{"line":156,"column":54},"end":{"line":156,"column":55}},"loc":{"start":{"line":156,"column":66},"end":{"line":162,"column":3}},"line":156},"35":{"name":"(anonymous_35)","decl":{"start":{"line":165,"column":35},"end":{"line":165,"column":36}},"loc":{"start":{"line":165,"column":41},"end":{"line":174,"column":1}},"line":165},"36":{"name":"(anonymous_36)","decl":{"start":{"line":166,"column":60},"end":{"line":166,"column":61}},"loc":{"start":{"line":166,"column":72},"end":{"line":173,"column":3}},"line":166},"37":{"name":"(anonymous_37)","decl":{"start":{"line":176,"column":30},"end":{"line":176,"column":31}},"loc":{"start":{"line":176,"column":36},"end":{"line":199,"column":1}},"line":176},"38":{"name":"(anonymous_38)","decl":{"start":{"line":177,"column":42},"end":{"line":177,"column":43}},"loc":{"start":{"line":177,"column":54},"end":{"line":198,"column":3}},"line":177},"39":{"name":"(anonymous_39)","decl":{"start":{"line":201,"column":30},"end":{"line":201,"column":31}},"loc":{"start":{"line":201,"column":36},"end":{"line":223,"column":1}},"line":201},"40":{"name":"(anonymous_40)","decl":{"start":{"line":202,"column":59},"end":{"line":202,"column":60}},"loc":{"start":{"line":202,"column":71},"end":{"line":222,"column":3}},"line":202},"41":{"name":"(anonymous_41)","decl":{"start":{"line":225,"column":23},"end":{"line":225,"column":24}},"loc":{"start":{"line":225,"column":29},"end":{"line":232,"column":1}},"line":225},"42":{"name":"(anonymous_42)","decl":{"start":{"line":226,"column":44},"end":{"line":226,"column":45}},"loc":{"start":{"line":226,"column":56},"end":{"line":231,"column":3}},"line":226}},"branchMap":{},"s":{"0":1,"1":1,"2":1,"3":1,"4":1,"5":1,"6":1,"7":1,"8":1,"9":1,"10":1,"11":1,"12":1,"13":1,"14":1,"15":1,"16":1,"17":1,"18":1,"19":1,"20":1,"21":1,"22":1,"23":1,"24":1,"25":1,"26":1,"27":1,"28":1,"29":1,"30":1,"31":1,"32":1,"33":1,"34":1,"35":1,"36":1,"37":1,"38":1,"39":1,"40":1,"41":1,"42":1,"43":1,"44":1,"45":3,"46":1,"47":1,"48":1,"49":1,"50":1,"51":1,"52":1,"53":1,"54":1,"55":1,"56":1,"57":1,"58":1,"59":1,"60":1,"61":1,"62":1,"63":1,"64":1,"65":1,"66":1,"67":1,"68":1,"69":1,"70":1,"71":1,"72":1,"73":1,"74":1,"75":1,"76":1,"77":1,"78":1,"79":1,"80":1,"81":1,"82":1,"83":1,"84":1,"85":1,"86":1,"87":1,"88":1,"89":1,"90":1,"91":1,"92":1,"93":1,"94":1,"95":1,"96":1,"97":1,"98":1},"f":{"0":1,"1":1,"2":1,"3":1,"4":1,"5":1,"6":1,"7":1,"8":1,"9":1,"10":1,"11":1,"12":1,"13":1,"14":1,"15":1,"16":1,"17":1,"18":1,"19":1,"20":1,"21":3,"22":1,"23":1,"24":1,"25":1,"26":1,"27":1,"28":1,"29":1,"30":1,"31":1,"32":1,"33":1,"34":1,"35":1,"36":1,"37":1,"38":1,"39":1,"40":1,"41":1,"42":1},"b":{},"_coverageSchema":"332fd63041d2c1bcb487cc26dd0d5f7d97098a6c","hash":"0ef71442e19a63210fe2f5f5abb87b531681324e"}
}
