TN:
SF:/Sites/notifcation_designer_frontend/src/js/config/jest.js
FN:1,(anonymous_0)
FN:4,(anonymous_1)
FN:7,(anonymous_2)
FN:12,(anonymous_3)
FN:15,(anonymous_4)
FNF:5
FNH:1
FNDA:2,(anonymous_0)
FNDA:0,(anonymous_1)
FNDA:0,(anonymous_2)
FNDA:0,(anonymous_3)
FNDA:0,(anonymous_4)
DA:1,2
DA:2,1
DA:3,1
DA:5,0
DA:8,0
DA:9,0
DA:13,1
DA:16,0
DA:21,1
LF:9
LH:5
BRDA:8,0,0,0
BRDA:8,0,1,0
BRF:2
BRH:0
end_of_record
TN:
SF:/Sites/notifcation_designer_frontend/src/js/server/compile.js
FN:3,compile
FNF:1
FNH:0
FNDA:0,compile
DA:1,2
DA:3,1
DA:4,0
DA:5,0
DA:6,0
DA:7,0
DA:8,0
DA:9,0
DA:12,0
LF:9
LH:2
BRDA:7,0,0,0
BRDA:7,0,1,0
BRF:2
BRH:0
end_of_record
TN:
SF:/Sites/notifcation_designer_frontend/src/js/server/inline.js
FN:7,inline
FNF:1
FNH:0
FNDA:0,inline
DA:1,2
DA:2,1
DA:3,1
DA:7,1
DA:8,0
DA:9,0
DA:10,0
DA:11,0
DA:13,0
LF:9
LH:4
BRDA:7,0,0,0
BRF:1
BRH:0
end_of_record
TN:
SF:/Sites/notifcation_designer_frontend/src/js/server/preprocess.js
FN:3,preprocess
FNF:1
FNH:0
FNDA:0,preprocess
DA:1,2
DA:3,1
DA:4,0
DA:5,0
DA:11,0
DA:12,0
DA:14,0
LF:7
LH:2
BRF:0
BRH:0
end_of_record
TN:
SF:/Sites/notifcation_designer_frontend/src/js/server/utils/index.js
FN:10,(anonymous_0)
FN:14,(anonymous_1)
FN:15,(anonymous_2)
FN:24,Deferred
FN:27,(anonymous_4)
FN:44,asyncCallback
FN:46,(anonymous_6)
FN:56,transformAsync
FN:76,appendFile
FN:82,writeFile
FN:96,mkdir
FN:102,rmrf
FN:116,(anonymous_12)
FN:122,(anonymous_13)
FN:123,(anonymous_14)
FN:124,(anonymous_15)
FN:132,(anonymous_16)
FN:133,(anonymous_17)
FN:134,(anonymous_18)
FN:150,(anonymous_19)
FN:156,isFile
FN:167,(anonymous_21)
FN:200,(anonymous_22)
FN:227,shortenPaths
FN:228,(anonymous_24)
FN:235,(anonymous_25)
FN:251,(anonymous_26)
FN:294,(anonymous_27)
FN:305,(anonymous_28)
FN:341,(anonymous_29)
FN:345,(anonymous_30)
FN:370,(anonymous_31)
FN:380,(anonymous_32)
FN:436,(anonymous_33)
FN:458,(anonymous_34)
FN:476,(anonymous_35)
FNF:36
FNH:25
FNDA:0,(anonymous_0)
FNDA:6,(anonymous_1)
FNDA:6,(anonymous_2)
FNDA:42,Deferred
FNDA:42,(anonymous_4)
FNDA:36,asyncCallback
FNDA:36,(anonymous_6)
FNDA:6,transformAsync
FNDA:2,appendFile
FNDA:2,writeFile
FNDA:4,mkdir
FNDA:2,rmrf
FNDA:2,(anonymous_12)
FNDA:2,(anonymous_13)
FNDA:2,(anonymous_14)
FNDA:2,(anonymous_15)
FNDA:2,(anonymous_16)
FNDA:2,(anonymous_17)
FNDA:2,(anonymous_18)
FNDA:6,(anonymous_19)
FNDA:8,isFile
FNDA:4,(anonymous_21)
FNDA:4,(anonymous_22)
FNDA:2,shortenPaths
FNDA:4,(anonymous_24)
FNDA:2,(anonymous_25)
FNDA:0,(anonymous_26)
FNDA:0,(anonymous_27)
FNDA:0,(anonymous_28)
FNDA:0,(anonymous_29)
FNDA:0,(anonymous_30)
FNDA:0,(anonymous_31)
FNDA:0,(anonymous_32)
FNDA:0,(anonymous_33)
FNDA:0,(anonymous_34)
FNDA:0,(anonymous_35)
DA:1,2
DA:2,1
DA:3,2
DA:4,4
DA:5,4
DA:6,22
DA:7,22
DA:8,22
DA:10,22
DA:11,21
DA:14,22
DA:15,21
DA:25,39
DA:26,39
DA:27,22
DA:28,24
DA:29,24
DA:31,21
DA:34,2
DA:45,19
DA:46,19
DA:47,19
DA:51,19
DA:54,3
DA:57,4
DA:58,4
DA:59,4
DA:60,4
DA:62,1
DA:66,2
DA:77,2
DA:80,2
DA:83,2
DA:86,2
DA:97,3
DA:100,2
DA:103,2
DA:106,2
DA:116,2
DA:117,2
DA:120,2
DA:122,4
DA:123,2
DA:124,5
DA:125,2
DA:130,3
DA:132,3
DA:133,5
DA:134,3
DA:135,3
DA:136,3
DA:141,3
DA:150,3
DA:151,4
DA:154,2
DA:157,6
DA:167,3
DA:168,4
DA:169,4
DA:170,4
DA:172,3
DA:173,3
DA:174,4
DA:176,4
DA:177,5
DA:178,5
DA:179,6
DA:184,3
DA:185,3
DA:186,3
DA:187,3
DA:190,2
DA:191,2
DA:192,2
DA:193,2
DA:195,2
DA:198,1
DA:200,1
DA:201,2
DA:202,3
DA:203,2
DA:204,3
DA:205,2
DA:206,2
DA:207,2
DA:209,1
DA:211,1
DA:213,2
DA:215,2
DA:218,1
DA:228,2
DA:229,2
DA:233,2
DA:235,1
DA:236,1
DA:237,1
DA:238,1
DA:239,1
DA:241,1
DA:251,1
DA:252,0
DA:254,0
DA:255,0
DA:258,1
DA:260,0
DA:267,1
DA:276,0
DA:277,0
DA:278,0
DA:280,0
DA:281,0
DA:284,1
DA:294,1
DA:295,1
DA:305,1
DA:306,1
DA:307,0
DA:308,0
DA:311,0
DA:313,0
DA:317,0
DA:322,0
DA:323,0
DA:324,0
DA:326,0
DA:327,0
DA:330,0
DA:341,1
DA:342,0
DA:345,1
DA:346,0
DA:347,0
DA:348,0
DA:349,0
DA:350,0
DA:351,0
DA:354,0
DA:356,0
DA:357,0
DA:358,0
DA:361,0
DA:363,0
DA:364,0
DA:366,0
DA:370,1
DA:371,0
DA:380,1
DA:381,0
DA:383,0
DA:384,0
DA:385,0
DA:387,0
DA:388,0
DA:392,0
DA:393,0
DA:394,0
DA:396,0
DA:398,0
DA:400,0
DA:402,0
DA:403,0
DA:404,0
DA:405,0
DA:406,0
DA:409,0
DA:412,0
DA:414,0
DA:415,0
DA:417,0
DA:418,0
DA:420,0
DA:424,0
DA:436,1
DA:437,0
DA:439,0
DA:440,0
DA:442,0
DA:444,0
DA:445,0
DA:447,0
DA:458,1
DA:459,0
DA:461,0
DA:462,0
DA:464,0
DA:466,0
DA:467,0
DA:469,0
DA:476,1
DA:477,0
DA:478,0
DA:479,0
DA:480,0
LF:193
LH:114
BRDA:47,0,0,0
BRDA:47,0,1,36
BRDA:76,1,0,0
BRDA:76,2,0,0
BRDA:82,3,0,0
BRDA:82,4,0,0
BRDA:96,5,0,0
BRDA:96,6,0,4
BRDA:116,7,0,0
BRDA:116,8,0,2
BRDA:150,9,0,0
BRDA:167,10,0,0
BRDA:167,11,0,2
BRDA:179,12,0,4
BRDA:179,12,1,4
BRDA:207,13,0,2
BRDA:207,13,1,2
BRDA:254,14,0,0
BRDA:254,14,1,0
BRDA:307,15,0,0
BRDA:307,15,1,0
BRDA:350,16,0,0
BRDA:350,16,1,0
BRDA:354,17,0,0
BRDA:354,17,1,0
BRDA:357,18,0,0
BRDA:357,18,1,0
BRDA:384,19,0,0
BRDA:384,19,1,0
BRDA:385,20,0,0
BRDA:385,20,1,0
BRDA:393,21,0,0
BRDA:393,21,1,0
BRDA:394,22,0,0
BRDA:394,22,1,0
BRDA:404,23,0,0
BRDA:404,23,1,0
BRDA:440,24,0,0
BRDA:440,24,1,0
BRDA:442,25,0,0
BRDA:442,25,1,0
BRDA:462,26,0,0
BRDA:462,26,1,0
BRDA:464,27,0,0
BRDA:464,27,1,0
BRF:45
BRH:8
end_of_record
TN:
SF:/Sites/notifcation_designer_frontend/src/js/server/utils/tests/index.spec.js
FN:4,(anonymous_0)
FN:5,(anonymous_1)
FN:7,(anonymous_2)
FN:12,(anonymous_3)
FN:18,(anonymous_4)
FN:19,(anonymous_5)
FN:25,(anonymous_6)
FN:27,(anonymous_7)
FN:30,(anonymous_8)
FN:40,(anonymous_9)
FN:42,(anonymous_10)
FN:49,(anonymous_11)
FN:56,(anonymous_12)
FN:57,(anonymous_13)
FN:59,(anonymous_14)
FN:62,(anonymous_15)
FN:71,(anonymous_16)
FN:72,(anonymous_17)
FN:74,(anonymous_18)
FN:77,(anonymous_19)
FN:80,(anonymous_20)
FN:81,(anonymous_21)
FN:93,(anonymous_22)
FN:94,(anonymous_23)
FN:104,(anonymous_24)
FN:115,(anonymous_25)
FN:116,(anonymous_26)
FN:126,(anonymous_27)
FN:127,(anonymous_28)
FN:137,(anonymous_29)
FN:138,(anonymous_30)
FN:145,(anonymous_31)
FN:146,(anonymous_32)
FN:155,(anonymous_33)
FN:156,(anonymous_34)
FN:165,(anonymous_35)
FN:166,(anonymous_36)
FN:176,(anonymous_37)
FN:177,(anonymous_38)
FN:201,(anonymous_39)
FN:202,(anonymous_40)
FN:225,(anonymous_41)
FN:226,(anonymous_42)
FNF:43
FNH:43
FNDA:1,(anonymous_0)
FNDA:1,(anonymous_1)
FNDA:1,(anonymous_2)
FNDA:1,(anonymous_3)
FNDA:1,(anonymous_4)
FNDA:1,(anonymous_5)
FNDA:1,(anonymous_6)
FNDA:1,(anonymous_7)
FNDA:1,(anonymous_8)
FNDA:1,(anonymous_9)
FNDA:1,(anonymous_10)
FNDA:1,(anonymous_11)
FNDA:1,(anonymous_12)
FNDA:1,(anonymous_13)
FNDA:1,(anonymous_14)
FNDA:1,(anonymous_15)
FNDA:1,(anonymous_16)
FNDA:1,(anonymous_17)
FNDA:1,(anonymous_18)
FNDA:1,(anonymous_19)
FNDA:1,(anonymous_20)
FNDA:3,(anonymous_21)
FNDA:1,(anonymous_22)
FNDA:1,(anonymous_23)
FNDA:1,(anonymous_24)
FNDA:1,(anonymous_25)
FNDA:1,(anonymous_26)
FNDA:1,(anonymous_27)
FNDA:1,(anonymous_28)
FNDA:1,(anonymous_29)
FNDA:1,(anonymous_30)
FNDA:1,(anonymous_31)
FNDA:1,(anonymous_32)
FNDA:1,(anonymous_33)
FNDA:1,(anonymous_34)
FNDA:1,(anonymous_35)
FNDA:1,(anonymous_36)
FNDA:1,(anonymous_37)
FNDA:1,(anonymous_38)
FNDA:1,(anonymous_39)
FNDA:1,(anonymous_40)
FNDA:1,(anonymous_41)
FNDA:1,(anonymous_42)
DA:4,1
DA:5,1
DA:6,1
DA:8,1
DA:12,1
DA:13,1
DA:14,1
DA:18,1
DA:19,1
DA:20,1
DA:21,1
DA:25,1
DA:26,1
DA:27,1
DA:28,1
DA:29,1
DA:31,1
DA:33,1
DA:35,1
DA:36,1
DA:40,1
DA:41,1
DA:42,1
DA:43,1
DA:44,1
DA:45,1
DA:48,1
DA:50,1
DA:56,1
DA:57,1
DA:58,1
DA:59,1
DA:60,1
DA:62,1
DA:63,1
DA:65,1
DA:66,1
DA:71,1
DA:72,1
DA:73,1
DA:74,1
DA:75,1
DA:77,1
DA:78,1
DA:81,1
DA:82,3
DA:87,1
DA:88,1
DA:93,1
DA:94,1
DA:95,1
DA:96,1
DA:97,1
DA:98,1
DA:104,1
DA:105,1
DA:106,1
DA:107,1
DA:108,1
DA:115,1
DA:116,1
DA:117,1
DA:118,1
DA:119,1
DA:126,1
DA:127,1
DA:128,1
DA:129,1
DA:130,1
DA:137,1
DA:138,1
DA:139,1
DA:140,1
DA:145,1
DA:146,1
DA:147,1
DA:148,1
DA:155,1
DA:156,1
DA:157,1
DA:158,1
DA:165,1
DA:166,1
DA:167,1
DA:168,1
DA:176,1
DA:177,1
DA:178,1
DA:179,1
DA:180,1
DA:201,1
DA:202,1
DA:203,1
DA:205,1
DA:225,1
DA:226,1
DA:227,1
DA:228,1
DA:229,1
LF:99
LH:99
BRF:0
BRH:0
end_of_record
